<html>
<head>
<title>TestNG:  Customer page Test - Chrome</title>
<link href="../testng.css" rel="stylesheet" type="text/css" />
<link href="../my-testng.css" rel="stylesheet" type="text/css" />

<style type="text/css">
.log { display: none;} 
.stack-trace { display: none;} 
</style>
<script type="text/javascript">
<!--
function flip(e) {
  current = e.style.display;
  if (current == 'block') {
    e.style.display = 'none';
    return 0;
  }
  else {
    e.style.display = 'block';
    return 1;
  }
}

function toggleBox(szDivId, elem, msg1, msg2)
{
  var res = -1;  if (document.getElementById) {
    res = flip(document.getElementById(szDivId));
  }
  else if (document.all) {
    // this is the way old msie versions work
    res = flip(document.all[szDivId]);
  }
  if(elem) {
    if(res == 0) elem.innerHTML = msg1; else elem.innerHTML = msg2;
  }

}

function toggleAllBoxes() {
  if (document.getElementsByTagName) {
    d = document.getElementsByTagName('div');
    for (i = 0; i < d.length; i++) {
      if (d[i].className == 'log') {
        flip(d[i]);
      }
    }
  }
}

// -->
</script>

</head>
<body>
<h2 align='center'>Customer page Test - Chrome</h2><table border='1' align="center">
<tr>
<td>Tests passed/Failed/Skipped:</td><td>4/1/0</td>
</tr><tr>
<td>Started on:</td><td>Thu Feb 03 15:57:15 IST 2022</td>
</tr>
<tr><td>Total time:</td><td>118 seconds (118702 ms)</td>
</tr><tr>
<td>Included groups:</td><td></td>
</tr><tr>
<td>Excluded groups:</td><td></td>
</tr>
</table><p/>
<small><i>(Hover the method name to see the test class name)</i></small><p/>
<table width='100%' border='1' class='invocation-failed'>
<tr><td colspan='4' align='center'><b>FAILED TESTS</b></td></tr>
<tr><td><b>Test method</b></td>
<td width="30%"><b>Exception</b></td>
<td width="10%"><b>Time (seconds)</b></td>
<td><b>Instance</b></td>
</tr>
<tr>
<td title='com.qa.qs.tests.CustomerPageTest.verifyCreateContactTest()'><b>verifyCreateContactTest</b><br>Test class: com.qa.qs.tests.CustomerPageTest<br>Parameters: null, null, null, null, null, null, null, null, null, null, null, null</td>
<td><div><pre>java.lang.IllegalArgumentException: Keys to send should be a not null CharSequence
	at org.openqa.selenium.remote.RemoteWebElement.sendKeys(RemoteWebElement.java:97)
	at com.qa.qs.util.ElementUtil.doSendKeys(ElementUtil.java:50)
	at com.qa.qs.pages.CustomerPage.createCustomerRecord(CustomerPage.java:57)
	at com.qa.qs.tests.CustomerPageTest.verifyCreateContactTest(CustomerPageTest.java:66)
	at sun.reflect.NativeMethodAccessorImpl.invoke0(Native Method)
	at sun.reflect.NativeMethodAccessorImpl.invoke(NativeMethodAccessorImpl.java:62)
	at sun.reflect.DelegatingMethodAccessorImpl.invoke(DelegatingMethodAccessorImpl.java:43)
	at java.lang.reflect.Method.invoke(Method.java:498)
	at org.testng.internal.MethodInvocationHelper.invokeMethod(MethodInvocationHelper.java:124)
	at org.testng.internal.Invoker.invokeMethod(Invoker.java:583)
	at org.testng.internal.Invoker.invokeTestMethod(Invoker.java:719)
	at org.testng.internal.Invoker.invokeTestMethods(Invoker.java:989)
	at org.testng.internal.TestMethodWorker.invokeTestMethods(TestMethodWorker.java:125)
	at org.testng.internal.TestMethodWorker.run(TestMethodWorker.java:109)
	at org.testng.TestRunner.privateRun(TestRunner.java:648)
	at org.testng.TestRunner.run(TestRunner.java:505)
	at org.testng.SuiteRunner.runTest(SuiteRunner.java:455)
	at org.testng.SuiteRunner.access$000(SuiteRunner.java:40)
	at org.testng.SuiteRunner$SuiteWorker.run(SuiteRunner.java:489)
	at org.testng.internal.thread.ThreadUtil$1.call(ThreadUtil.java:52)
	at java.util.concurrent.FutureTask.run(FutureTask.java:266)
	at java.util.concurrent.ThreadPoolExecutor.runWorker(ThreadPoolExecutor.java:1149)
	at java.util.concurrent.ThreadPoolExecutor$Worker.run(ThreadPoolExecutor.java:624)
	at java.lang.Thread.run(Thread.java:748)
</pre></div><a href='#' onClick='toggleBox("stack-trace48670374", this, "Click to show all stack frames", "Click to hide stack frames")'>Click to show all stack frames</a>
<div class='stack-trace' id='stack-trace48670374'><pre>java.lang.IllegalArgumentException: Keys to send should be a not null CharSequence
	at org.openqa.selenium.remote.RemoteWebElement.sendKeys(RemoteWebElement.java:97)
	at com.qa.qs.util.ElementUtil.doSendKeys(ElementUtil.java:50)
	at com.qa.qs.pages.CustomerPage.createCustomerRecord(CustomerPage.java:57)
	at com.qa.qs.tests.CustomerPageTest.verifyCreateContactTest(CustomerPageTest.java:66)
	at sun.reflect.NativeMethodAccessorImpl.invoke0(Native Method)
	at sun.reflect.NativeMethodAccessorImpl.invoke(NativeMethodAccessorImpl.java:62)
	at sun.reflect.DelegatingMethodAccessorImpl.invoke(DelegatingMethodAccessorImpl.java:43)
	at java.lang.reflect.Method.invoke(Method.java:498)
	at org.testng.internal.MethodInvocationHelper.invokeMethod(MethodInvocationHelper.java:124)
	at org.testng.internal.Invoker.invokeMethod(Invoker.java:583)
	at org.testng.internal.Invoker.invokeTestMethod(Invoker.java:719)
	at org.testng.internal.Invoker.invokeTestMethods(Invoker.java:989)
	at org.testng.internal.TestMethodWorker.invokeTestMethods(TestMethodWorker.java:125)
	at org.testng.internal.TestMethodWorker.run(TestMethodWorker.java:109)
	at org.testng.TestRunner.privateRun(TestRunner.java:648)
	at org.testng.TestRunner.run(TestRunner.java:505)
	at org.testng.SuiteRunner.runTest(SuiteRunner.java:455)
	at org.testng.SuiteRunner.access$000(SuiteRunner.java:40)
	at org.testng.SuiteRunner$SuiteWorker.run(SuiteRunner.java:489)
	at org.testng.internal.thread.ThreadUtil$1.call(ThreadUtil.java:52)
	at java.util.concurrent.FutureTask.run(FutureTask.java:266)
	at java.util.concurrent.ThreadPoolExecutor.runWorker(ThreadPoolExecutor.java:1149)
	at java.util.concurrent.ThreadPoolExecutor$Worker.run(ThreadPoolExecutor.java:624)
	at java.lang.Thread.run(Thread.java:748)
</pre></div></td>
<td>2</td>
<td>com.qa.qs.tests.CustomerPageTest@55182842</td></tr>
</table><p>
<table width='100%' border='1' class='invocation-passed'>
<tr><td colspan='4' align='center'><b>PASSED TESTS</b></td></tr>
<tr><td><b>Test method</b></td>
<td width="30%"><b>Exception</b></td>
<td width="10%"><b>Time (seconds)</b></td>
<td><b>Instance</b></td>
</tr>
<tr>
<td title='com.qa.qs.tests.CustomerPageTest.verifyCreateContactTest()'><b>verifyCreateContactTest</b><br>Test class: com.qa.qs.tests.CustomerPageTest<br>Parameters: DH_670926, softWare Consulting21, Dhruva  US-26, 7338222205, dhruva32@customer.com, 1234567890, Customer, 6702 Dhruva Automation Labs, United States, Minnesota, Minneapolis, 55426.0</td>
<td></td>
<td>32</td>
<td>com.qa.qs.tests.CustomerPageTest@55182842</td></tr>
<tr>
<td title='com.qa.qs.tests.CustomerPageTest.verifyCreateContactTest()'><b>verifyCreateContactTest</b><br>Test class: com.qa.qs.tests.CustomerPageTest<br>Parameters: DH_670928, softWare Consulting41, Dhruva  CAD28, 7338222205, dhruva28@customer.com, 1234567890, Customer, 6704 Dhruva Automation Labs, Canada, Ontario, OTTAWA, K2L 1B6</td>
<td></td>
<td>31</td>
<td>com.qa.qs.tests.CustomerPageTest@55182842</td></tr>
<tr>
<td title='com.qa.qs.tests.CustomerPageTest.verifyCreateContactTest()'><b>verifyCreateContactTest</b><br>Test class: com.qa.qs.tests.CustomerPageTest<br>Parameters: DH_670932, softWare Consulting81, Dhruva  AUS32, 7338222205, dhruvaAUS32@customer.com, 1234567890, Customer, 6708 Dhruva Automation Labs, Australia, New South Wales, PARRAMATTA, 2150.0</td>
<td></td>
<td>31</td>
<td>com.qa.qs.tests.CustomerPageTest@55182842</td></tr>
<tr>
<td title='com.qa.qs.tests.CustomerPageTest.verifyCustomerPageHeaderTest()'><b>verifyCustomerPageHeaderTest</b><br>Test class: com.qa.qs.tests.CustomerPageTest</td>
<td></td>
<td>2</td>
<td>com.qa.qs.tests.CustomerPageTest@55182842</td></tr>
</table><p>
</body>
</html>