<?xml version="1.0" encoding="UTF-8"?>
<!-- Generated by org.testng.reporters.JUnitXMLReporter -->
<testsuite hostname="L510095" ignored="0" name="Customer page Test - Chrome" tests="5" failures="1" timestamp="03 Feb 2022 10:29:14 GMT" time="118.702" errors="0">
  <testcase name="verifyCustomerPageHeaderTest" time="2.136" classname="com.qa.qs.tests.CustomerPageTest"/>
  <testcase name="verifyCreateContactTest" time="32.984" classname="com.qa.qs.tests.CustomerPageTest"/>
  <testcase name="verifyCreateContactTest" time="31.77" classname="com.qa.qs.tests.CustomerPageTest"/>
  <testcase name="verifyCreateContactTest" time="31.933" classname="com.qa.qs.tests.CustomerPageTest"/>
  <testcase name="verifyCreateContactTest" time="2.378" classname="com.qa.qs.tests.CustomerPageTest">
    <failure type="java.lang.IllegalArgumentException" message="Keys to send should be a not null CharSequence">
      <![CDATA[java.lang.IllegalArgumentException: Keys to send should be a not null CharSequence
at org.openqa.selenium.remote.RemoteWebElement.sendKeys(RemoteWebElement.java:97)
at com.qa.qs.util.ElementUtil.doSendKeys(ElementUtil.java:50)
at com.qa.qs.pages.CustomerPage.createCustomerRecord(CustomerPage.java:57)
at com.qa.qs.tests.CustomerPageTest.verifyCreateContactTest(CustomerPageTest.java:66)
at sun.reflect.NativeMethodAccessorImpl.invoke0(Native Method)
at sun.reflect.NativeMethodAccessorImpl.invoke(NativeMethodAccessorImpl.java:62)
at sun.reflect.DelegatingMethodAccessorImpl.invoke(DelegatingMethodAccessorImpl.java:43)
at java.lang.reflect.Method.invoke(Method.java:498)
at org.testng.internal.MethodInvocationHelper.invokeMethod(MethodInvocationHelper.java:124)
at org.testng.internal.Invoker.invokeMethod(Invoker.java:583)
at org.testng.internal.Invoker.invokeTestMethod(Invoker.java:719)
at org.testng.internal.Invoker.invokeTestMethods(Invoker.java:989)
at org.testng.internal.TestMethodWorker.invokeTestMethods(TestMethodWorker.java:125)
at org.testng.internal.TestMethodWorker.run(TestMethodWorker.java:109)
at org.testng.TestRunner.privateRun(TestRunner.java:648)
at org.testng.TestRunner.run(TestRunner.java:505)
at org.testng.SuiteRunner.runTest(SuiteRunner.java:455)
at org.testng.SuiteRunner.access$000(SuiteRunner.java:40)
at org.testng.SuiteRunner$SuiteWorker.run(SuiteRunner.java:489)
at org.testng.internal.thread.ThreadUtil$1.call(ThreadUtil.java:52)
at java.util.concurrent.FutureTask.run(FutureTask.java:266)
at java.util.concurrent.ThreadPoolExecutor.runWorker(ThreadPoolExecutor.java:1149)
at java.util.concurrent.ThreadPoolExecutor$Worker.run(ThreadPoolExecutor.java:624)
at java.lang.Thread.run(Thread.java:748)
]]>
    </failure>
  </testcase> <!-- verifyCreateContactTest -->
</testsuite> <!-- Customer page Test - Chrome -->
