<html>
<head>
<title>TestNG:  Bol Class Page Test - Chrome</title>
<link href="../testng.css" rel="stylesheet" type="text/css" />
<link href="../my-testng.css" rel="stylesheet" type="text/css" />

<style type="text/css">
.log { display: none;} 
.stack-trace { display: none;} 
</style>
<script type="text/javascript">
<!--
function flip(e) {
  current = e.style.display;
  if (current == 'block') {
    e.style.display = 'none';
    return 0;
  }
  else {
    e.style.display = 'block';
    return 1;
  }
}

function toggleBox(szDivId, elem, msg1, msg2)
{
  var res = -1;  if (document.getElementById) {
    res = flip(document.getElementById(szDivId));
  }
  else if (document.all) {
    // this is the way old msie versions work
    res = flip(document.all[szDivId]);
  }
  if(elem) {
    if(res == 0) elem.innerHTML = msg1; else elem.innerHTML = msg2;
  }

}

function toggleAllBoxes() {
  if (document.getElementsByTagName) {
    d = document.getElementsByTagName('div');
    for (i = 0; i < d.length; i++) {
      if (d[i].className == 'log') {
        flip(d[i]);
      }
    }
  }
}

// -->
</script>

</head>
<body>
<h2 align='center'>Bol Class Page Test - Chrome</h2><table border='1' align="center">
<tr>
<td>Tests passed/Failed/Skipped:</td><td>8/1/0</td>
</tr><tr>
<td>Started on:</td><td>Fri Feb 25 14:51:16 IST 2022</td>
</tr>
<tr><td>Total time:</td><td>80 seconds (80510 ms)</td>
</tr><tr>
<td>Included groups:</td><td></td>
</tr><tr>
<td>Excluded groups:</td><td></td>
</tr>
</table><p/>
<small><i>(Hover the method name to see the test class name)</i></small><p/>
<table width='100%' border='1' class='invocation-failed'>
<tr><td colspan='4' align='center'><b>FAILED TESTS</b></td></tr>
<tr><td><b>Test method</b></td>
<td width="30%"><b>Exception</b></td>
<td width="10%"><b>Time (seconds)</b></td>
<td><b>Instance</b></td>
</tr>
<tr>
<td title='com.qa.qs.tests.BolClassTest.verifyCreateBOLCalssTest()'><b>verifyCreateBOLCalssTest</b><br>Test class: com.qa.qs.tests.BolClassTest<br>Parameters: AFiftyFivf55_2, 55, 55, 1234, 1</td>
<td><div><pre>org.openqa.selenium.ElementClickInterceptedException: element click intercepted: Element &lt;div _ngcontent-fxr-c460=&quot;&quot; class=&quot;ep-button-content&quot;&gt;...&lt;/div&gt; is not clickable at point (1371, 100). Other element would receive the click: &lt;input autocomplete=&quot;off&quot; aria-haspopup=&quot;listbox&quot; size=&quot;1&quot; class=&quot;k-input&quot; id=&quot;k-7cd7a76d-e2ed-481f-b398-b2c4a5e68618&quot; placeholder=&quot;&quot; dir=&quot;ltr&quot; role=&quot;combobox&quot; aria-disabled=&quot;false&quot; aria-readonly=&quot;false&quot; aria-expanded=&quot;false&quot; aria-owns=&quot;8e698b76-a00a-40c2-9cc9-7186e7f59385&quot; style=&quot;background-color: rgba(0, 0, 0, 0);&quot;&gt;
  (Session info: chrome=98.0.4758.102)
Build info: version: &apos;3.141.59&apos;, revision: &apos;e82be7d358&apos;, time: &apos;2018-11-14T08:17:03&apos;
System info: host: &apos;L510095&apos;, ip: &apos;192.168.1.2&apos;, os.name: &apos;Windows 10&apos;, os.arch: &apos;amd64&apos;, os.version: &apos;10.0&apos;, java.version: &apos;1.8.0_281&apos;
Driver info: org.openqa.selenium.chrome.ChromeDriver
Capabilities {acceptInsecureCerts: false, browserName: chrome, browserVersion: 98.0.4758.102, chrome: {chromedriverVersion: 98.0.4758.102 (273bf7ac8c90..., userDataDir: C:\Users\shagargi\AppData\L...}, goog:chromeOptions: {debuggerAddress: localhost:64568}, javascriptEnabled: true, networkConnectionEnabled: false, pageLoadStrategy: normal, platform: WINDOWS, platformName: WINDOWS, proxy: Proxy(), setWindowRect: true, strictFileInteractability: false, timeouts: {implicit: 0, pageLoad: 300000, script: 30000}, unhandledPromptBehavior: dismiss and notify, webauthn:extension:credBlob: true, webauthn:extension:largeBlob: true, webauthn:virtualAuthenticators: true}
Session ID: 5d08d145ebe65a2fbe790352fe23fb89
	at sun.reflect.NativeConstructorAccessorImpl.newInstance0(Native Method)
	at sun.reflect.NativeConstructorAccessorImpl.newInstance(NativeConstructorAccessorImpl.java:62)
	at sun.reflect.DelegatingConstructorAccessorImpl.newInstance(DelegatingConstructorAccessorImpl.java:45)
	at java.lang.reflect.Constructor.newInstance(Constructor.java:423)
	at org.openqa.selenium.remote.http.W3CHttpResponseCodec.createException(W3CHttpResponseCodec.java:187)
	at org.openqa.selenium.remote.http.W3CHttpResponseCodec.decode(W3CHttpResponseCodec.java:122)
	at org.openqa.selenium.remote.http.W3CHttpResponseCodec.decode(W3CHttpResponseCodec.java:49)
	at org.openqa.selenium.remote.HttpCommandExecutor.execute(HttpCommandExecutor.java:158)
	at org.openqa.selenium.remote.service.DriverCommandExecutor.execute(DriverCommandExecutor.java:83)
	at org.openqa.selenium.remote.RemoteWebDriver.execute(RemoteWebDriver.java:552)
	at org.openqa.selenium.remote.RemoteWebElement.execute(RemoteWebElement.java:285)
	at org.openqa.selenium.remote.RemoteWebElement.click(RemoteWebElement.java:84)
	at com.qa.qs.util.ElementUtil.clickWhenReady(ElementUtil.java:190)
	at com.qa.qs.pages.BolClassPage.createBolClassRecord(BolClassPage.java:59)
	at com.qa.qs.tests.BolClassTest.verifyCreateBOLCalssTest(BolClassTest.java:61)
	at sun.reflect.NativeMethodAccessorImpl.invoke0(Native Method)
	at sun.reflect.NativeMethodAccessorImpl.invoke(NativeMethodAccessorImpl.java:62)
	at sun.reflect.DelegatingMethodAccessorImpl.invoke(DelegatingMethodAccessorImpl.java:43)
	at java.lang.reflect.Method.invoke(Method.java:498)
	at org.testng.internal.MethodInvocationHelper.invokeMethod(MethodInvocationHelper.java:124)
	at org.testng.internal.Invoker.invokeMethod(Invoker.java:583)
	at org.testng.internal.Invoker.invokeTestMethod(Invoker.java:719)
	at org.testng.internal.Invoker.invokeTestMethods(Invoker.java:989)
	at org.testng.internal.TestMethodWorker.invokeTestMethods(TestMethodWorker.java:125)
	at org.testng.internal.TestMethodWorker.run(TestMethodWorker.java:109)
	at org.testng.TestRunner.privateRun(TestRunner.java:648)
	at org.testng.TestRunner.run(TestRunner.java:505)
	at org.testng.SuiteRunner.runTest(SuiteRunner.java:455)
	at org.testng.SuiteRunner.access$000(SuiteRunner.java:40)
	at org.testng.SuiteRunner$SuiteWorker.run(SuiteRunner.java:489)
	at org.testng.internal.thread.ThreadUtil$1.call(ThreadUtil.java:52)
	at java.util.concurrent.FutureTask.run(FutureTask.java:266)
	at java.util.concurrent.ThreadPoolExecutor.runWorker(ThreadPoolExecutor.java:1149)
	at java.util.concurrent.ThreadPoolExecutor$Worker.run(ThreadPoolExecutor.java:624)
	at java.lang.Thread.run(Thread.java:748)
</pre></div><a href='#' onClick='toggleBox("stack-trace587777827", this, "Click to show all stack frames", "Click to hide stack frames")'>Click to show all stack frames</a>
<div class='stack-trace' id='stack-trace587777827'><pre>org.openqa.selenium.ElementClickInterceptedException: element click intercepted: Element &lt;div _ngcontent-fxr-c460=&quot;&quot; class=&quot;ep-button-content&quot;&gt;...&lt;/div&gt; is not clickable at point (1371, 100). Other element would receive the click: &lt;input autocomplete=&quot;off&quot; aria-haspopup=&quot;listbox&quot; size=&quot;1&quot; class=&quot;k-input&quot; id=&quot;k-7cd7a76d-e2ed-481f-b398-b2c4a5e68618&quot; placeholder=&quot;&quot; dir=&quot;ltr&quot; role=&quot;combobox&quot; aria-disabled=&quot;false&quot; aria-readonly=&quot;false&quot; aria-expanded=&quot;false&quot; aria-owns=&quot;8e698b76-a00a-40c2-9cc9-7186e7f59385&quot; style=&quot;background-color: rgba(0, 0, 0, 0);&quot;&gt;
  (Session info: chrome=98.0.4758.102)
Build info: version: &apos;3.141.59&apos;, revision: &apos;e82be7d358&apos;, time: &apos;2018-11-14T08:17:03&apos;
System info: host: &apos;L510095&apos;, ip: &apos;192.168.1.2&apos;, os.name: &apos;Windows 10&apos;, os.arch: &apos;amd64&apos;, os.version: &apos;10.0&apos;, java.version: &apos;1.8.0_281&apos;
Driver info: org.openqa.selenium.chrome.ChromeDriver
Capabilities {acceptInsecureCerts: false, browserName: chrome, browserVersion: 98.0.4758.102, chrome: {chromedriverVersion: 98.0.4758.102 (273bf7ac8c90..., userDataDir: C:\Users\shagargi\AppData\L...}, goog:chromeOptions: {debuggerAddress: localhost:64568}, javascriptEnabled: true, networkConnectionEnabled: false, pageLoadStrategy: normal, platform: WINDOWS, platformName: WINDOWS, proxy: Proxy(), setWindowRect: true, strictFileInteractability: false, timeouts: {implicit: 0, pageLoad: 300000, script: 30000}, unhandledPromptBehavior: dismiss and notify, webauthn:extension:credBlob: true, webauthn:extension:largeBlob: true, webauthn:virtualAuthenticators: true}
Session ID: 5d08d145ebe65a2fbe790352fe23fb89
	at sun.reflect.NativeConstructorAccessorImpl.newInstance0(Native Method)
	at sun.reflect.NativeConstructorAccessorImpl.newInstance(NativeConstructorAccessorImpl.java:62)
	at sun.reflect.DelegatingConstructorAccessorImpl.newInstance(DelegatingConstructorAccessorImpl.java:45)
	at java.lang.reflect.Constructor.newInstance(Constructor.java:423)
	at org.openqa.selenium.remote.http.W3CHttpResponseCodec.createException(W3CHttpResponseCodec.java:187)
	at org.openqa.selenium.remote.http.W3CHttpResponseCodec.decode(W3CHttpResponseCodec.java:122)
	at org.openqa.selenium.remote.http.W3CHttpResponseCodec.decode(W3CHttpResponseCodec.java:49)
	at org.openqa.selenium.remote.HttpCommandExecutor.execute(HttpCommandExecutor.java:158)
	at org.openqa.selenium.remote.service.DriverCommandExecutor.execute(DriverCommandExecutor.java:83)
	at org.openqa.selenium.remote.RemoteWebDriver.execute(RemoteWebDriver.java:552)
	at org.openqa.selenium.remote.RemoteWebElement.execute(RemoteWebElement.java:285)
	at org.openqa.selenium.remote.RemoteWebElement.click(RemoteWebElement.java:84)
	at com.qa.qs.util.ElementUtil.clickWhenReady(ElementUtil.java:190)
	at com.qa.qs.pages.BolClassPage.createBolClassRecord(BolClassPage.java:59)
	at com.qa.qs.tests.BolClassTest.verifyCreateBOLCalssTest(BolClassTest.java:61)
	at sun.reflect.NativeMethodAccessorImpl.invoke0(Native Method)
	at sun.reflect.NativeMethodAccessorImpl.invoke(NativeMethodAccessorImpl.java:62)
	at sun.reflect.DelegatingMethodAccessorImpl.invoke(DelegatingMethodAccessorImpl.java:43)
	at java.lang.reflect.Method.invoke(Method.java:498)
	at org.testng.internal.MethodInvocationHelper.invokeMethod(MethodInvocationHelper.java:124)
	at org.testng.internal.Invoker.invokeMethod(Invoker.java:583)
	at org.testng.internal.Invoker.invokeTestMethod(Invoker.java:719)
	at org.testng.internal.Invoker.invokeTestMethods(Invoker.java:989)
	at org.testng.internal.TestMethodWorker.invokeTestMethods(TestMethodWorker.java:125)
	at org.testng.internal.TestMethodWorker.run(TestMethodWorker.java:109)
	at org.testng.TestRunner.privateRun(TestRunner.java:648)
	at org.testng.TestRunner.run(TestRunner.java:505)
	at org.testng.SuiteRunner.runTest(SuiteRunner.java:455)
	at org.testng.SuiteRunner.access$000(SuiteRunner.java:40)
	at org.testng.SuiteRunner$SuiteWorker.run(SuiteRunner.java:489)
	at org.testng.internal.thread.ThreadUtil$1.call(ThreadUtil.java:52)
	at java.util.concurrent.FutureTask.run(FutureTask.java:266)
	at java.util.concurrent.ThreadPoolExecutor.runWorker(ThreadPoolExecutor.java:1149)
	at java.util.concurrent.ThreadPoolExecutor$Worker.run(ThreadPoolExecutor.java:624)
	at java.lang.Thread.run(Thread.java:748)
</pre></div></td>
<td>1</td>
<td>com.qa.qs.tests.BolClassTest@1bb5a082</td></tr>
</table><p>
<table width='100%' border='1' class='invocation-passed'>
<tr><td colspan='4' align='center'><b>PASSED TESTS</b></td></tr>
<tr><td><b>Test method</b></td>
<td width="30%"><b>Exception</b></td>
<td width="10%"><b>Time (seconds)</b></td>
<td><b>Instance</b></td>
</tr>
<tr>
<td title='com.qa.qs.tests.BolClassTest.getDeleteBolClassDataNoTest()'><b>getDeleteBolClassDataNoTest</b><br>Test class: com.qa.qs.tests.BolClassTest</td>
<td></td>
<td>2</td>
<td>com.qa.qs.tests.BolClassTest@1bb5a082</td></tr>
<tr>
<td title='com.qa.qs.tests.BolClassTest.getDeleteBolClassDataYesTest()'><b>getDeleteBolClassDataYesTest</b><br>Test class: com.qa.qs.tests.BolClassTest</td>
<td></td>
<td>3</td>
<td>com.qa.qs.tests.BolClassTest@1bb5a082</td></tr>
<tr>
<td title='com.qa.qs.tests.BolClassTest.getDeleteBolClassDataYesTest()'><b>getDeleteBolClassDataYesTest</b><br>Test class: com.qa.qs.tests.BolClassTest</td>
<td></td>
<td>3</td>
<td>com.qa.qs.tests.BolClassTest@1bb5a082</td></tr>
<tr>
<td title='com.qa.qs.tests.BolClassTest.verifyBolClassPageHeader()'><b>verifyBolClassPageHeader</b><br>Test class: com.qa.qs.tests.BolClassTest</td>
<td></td>
<td>2</td>
<td>com.qa.qs.tests.BolClassTest@1bb5a082</td></tr>
<tr>
<td title='com.qa.qs.tests.BolClassTest.verifyCreateBOLCalssTest()'><b>verifyCreateBOLCalssTest</b><br>Test class: com.qa.qs.tests.BolClassTest<br>Parameters: AFifty50_2, 50, 50, 6701, 123</td>
<td></td>
<td>20</td>
<td>com.qa.qs.tests.BolClassTest@1bb5a082</td></tr>
<tr>
<td title='com.qa.qs.tests.BolClassTest.verifyCreateBOLCalssTest()'><b>verifyCreateBOLCalssTest</b><br>Test class: com.qa.qs.tests.BolClassTest<br>Parameters: ASixty60_2, 60, 60, 2341, 1</td>
<td></td>
<td>15</td>
<td>com.qa.qs.tests.BolClassTest@1bb5a082</td></tr>
<tr>
<td title='com.qa.qs.tests.BolClassTest.verifyUpdateBOLClassDataTest()'><b>verifyUpdateBOLClassDataTest</b><br>Test class: com.qa.qs.tests.BolClassTest</td>
<td></td>
<td>2</td>
<td>com.qa.qs.tests.BolClassTest@1bb5a082</td></tr>
<tr>
<td title='com.qa.qs.tests.BolClassTest.verifyUpdateBOLClassSaveDataTest()'><b>verifyUpdateBOLClassSaveDataTest</b><br>Test class: com.qa.qs.tests.BolClassTest</td>
<td></td>
<td>1</td>
<td>com.qa.qs.tests.BolClassTest@1bb5a082</td></tr>
</table><p>
</body>
</html>