<?xml version="1.0" encoding="UTF-8"?>
<!-- Generated by org.testng.reporters.JUnitXMLReporter -->
<testsuite hostname="L510095" ignored="0" name="Bol Class Page Test - Chrome" tests="9" failures="1" timestamp="25 Feb 2022 09:22:37 GMT" time="80.51" errors="0">
  <testcase name="verifyBolClassPageHeader" time="2.102" classname="com.qa.qs.tests.BolClassTest"/>
  <testcase name="verifyCreateBOLCalssTest" time="20.983" classname="com.qa.qs.tests.BolClassTest"/>
  <testcase name="verifyCreateBOLCalssTest" time="1.167" classname="com.qa.qs.tests.BolClassTest">
    <failure type="org.openqa.selenium.ElementClickInterceptedException" message="element click intercepted: Element &amp;lt;div _ngcontent-fxr-c460=&amp;quot;&amp;quot; class=&amp;quot;ep-button-content&amp;quot;&amp;gt;...&amp;lt;/div&amp;gt; is not clickable at point (1371, 100). Other element would receive the click: &amp;lt;input autocomplete=&amp;quot;off&amp;quot; aria-haspopup=&amp;quot;listbox&amp;quot; size=&amp;quot;1&amp;quot; class=&amp;quot;k-input&amp;quot; id=&amp;quot;k-7cd7a76d-e2ed-481f-b398-b2c4a5e68618&amp;quot; placeholder=&amp;quot;&amp;quot; dir=&amp;quot;ltr&amp;quot; role=&amp;quot;combobox&amp;quot; aria-disabled=&amp;quot;false&amp;quot; aria-readonly=&amp;quot;false&amp;quot; aria-expanded=&amp;quot;false&amp;quot; aria-owns=&amp;quot;8e698b76-a00a-40c2-9cc9-7186e7f59385&amp;quot; style=&amp;quot;background-color: rgba(0, 0, 0, 0);&amp;quot;&amp;gt;
  (Session info: chrome=98.0.4758.102)
Build info: version: &amp;apos;3.141.59&amp;apos;, revision: &amp;apos;e82be7d358&amp;apos;, time: &amp;apos;2018-11-14T08:17:03&amp;apos;
System info: host: &amp;apos;L510095&amp;apos;, ip: &amp;apos;192.168.1.2&amp;apos;, os.name: &amp;apos;Windows 10&amp;apos;, os.arch: &amp;apos;amd64&amp;apos;, os.version: &amp;apos;10.0&amp;apos;, java.version: &amp;apos;1.8.0_281&amp;apos;
Driver info: org.openqa.selenium.chrome.ChromeDriver
Capabilities {acceptInsecureCerts: false, browserName: chrome, browserVersion: 98.0.4758.102, chrome: {chromedriverVersion: 98.0.4758.102 (273bf7ac8c90..., userDataDir: C:\Users\shagargi\AppData\L...}, goog:chromeOptions: {debuggerAddress: localhost:64568}, javascriptEnabled: true, networkConnectionEnabled: false, pageLoadStrategy: normal, platform: WINDOWS, platformName: WINDOWS, proxy: Proxy(), setWindowRect: true, strictFileInteractability: false, timeouts: {implicit: 0, pageLoad: 300000, script: 30000}, unhandledPromptBehavior: dismiss and notify, webauthn:extension:credBlob: true, webauthn:extension:largeBlob: true, webauthn:virtualAuthenticators: true}
Session ID: 5d08d145ebe65a2fbe790352fe23fb89">
      <![CDATA[org.openqa.selenium.ElementClickInterceptedException: element click intercepted: Element <div _ngcontent-fxr-c460="" class="ep-button-content">...</div> is not clickable at point (1371, 100). Other element would receive the click: <input autocomplete="off" aria-haspopup="listbox" size="1" class="k-input" id="k-7cd7a76d-e2ed-481f-b398-b2c4a5e68618" placeholder="" dir="ltr" role="combobox" aria-disabled="false" aria-readonly="false" aria-expanded="false" aria-owns="8e698b76-a00a-40c2-9cc9-7186e7f59385" style="background-color: rgba(0, 0, 0, 0);">
  (Session info: chrome=98.0.4758.102)
Build info: version: '3.141.59', revision: 'e82be7d358', time: '2018-11-14T08:17:03'
System info: host: 'L510095', ip: '192.168.1.2', os.name: 'Windows 10', os.arch: 'amd64', os.version: '10.0', java.version: '1.8.0_281'
Driver info: org.openqa.selenium.chrome.ChromeDriver
Capabilities {acceptInsecureCerts: false, browserName: chrome, browserVersion: 98.0.4758.102, chrome: {chromedriverVersion: 98.0.4758.102 (273bf7ac8c90..., userDataDir: C:\Users\shagargi\AppData\L...}, goog:chromeOptions: {debuggerAddress: localhost:64568}, javascriptEnabled: true, networkConnectionEnabled: false, pageLoadStrategy: normal, platform: WINDOWS, platformName: WINDOWS, proxy: Proxy(), setWindowRect: true, strictFileInteractability: false, timeouts: {implicit: 0, pageLoad: 300000, script: 30000}, unhandledPromptBehavior: dismiss and notify, webauthn:extension:credBlob: true, webauthn:extension:largeBlob: true, webauthn:virtualAuthenticators: true}
Session ID: 5d08d145ebe65a2fbe790352fe23fb89
at sun.reflect.NativeConstructorAccessorImpl.newInstance0(Native Method)
at sun.reflect.NativeConstructorAccessorImpl.newInstance(NativeConstructorAccessorImpl.java:62)
at sun.reflect.DelegatingConstructorAccessorImpl.newInstance(DelegatingConstructorAccessorImpl.java:45)
at java.lang.reflect.Constructor.newInstance(Constructor.java:423)
at org.openqa.selenium.remote.http.W3CHttpResponseCodec.createException(W3CHttpResponseCodec.java:187)
at org.openqa.selenium.remote.http.W3CHttpResponseCodec.decode(W3CHttpResponseCodec.java:122)
at org.openqa.selenium.remote.http.W3CHttpResponseCodec.decode(W3CHttpResponseCodec.java:49)
at org.openqa.selenium.remote.HttpCommandExecutor.execute(HttpCommandExecutor.java:158)
at org.openqa.selenium.remote.service.DriverCommandExecutor.execute(DriverCommandExecutor.java:83)
at org.openqa.selenium.remote.RemoteWebDriver.execute(RemoteWebDriver.java:552)
at org.openqa.selenium.remote.RemoteWebElement.execute(RemoteWebElement.java:285)
at org.openqa.selenium.remote.RemoteWebElement.click(RemoteWebElement.java:84)
at com.qa.qs.util.ElementUtil.clickWhenReady(ElementUtil.java:190)
at com.qa.qs.pages.BolClassPage.createBolClassRecord(BolClassPage.java:59)
at com.qa.qs.tests.BolClassTest.verifyCreateBOLCalssTest(BolClassTest.java:61)
at sun.reflect.NativeMethodAccessorImpl.invoke0(Native Method)
at sun.reflect.NativeMethodAccessorImpl.invoke(NativeMethodAccessorImpl.java:62)
at sun.reflect.DelegatingMethodAccessorImpl.invoke(DelegatingMethodAccessorImpl.java:43)
at java.lang.reflect.Method.invoke(Method.java:498)
at org.testng.internal.MethodInvocationHelper.invokeMethod(MethodInvocationHelper.java:124)
at org.testng.internal.Invoker.invokeMethod(Invoker.java:583)
at org.testng.internal.Invoker.invokeTestMethod(Invoker.java:719)
at org.testng.internal.Invoker.invokeTestMethods(Invoker.java:989)
at org.testng.internal.TestMethodWorker.invokeTestMethods(TestMethodWorker.java:125)
at org.testng.internal.TestMethodWorker.run(TestMethodWorker.java:109)
at org.testng.TestRunner.privateRun(TestRunner.java:648)
at org.testng.TestRunner.run(TestRunner.java:505)
at org.testng.SuiteRunner.runTest(SuiteRunner.java:455)
at org.testng.SuiteRunner.access$000(SuiteRunner.java:40)
at org.testng.SuiteRunner$SuiteWorker.run(SuiteRunner.java:489)
at org.testng.internal.thread.ThreadUtil$1.call(ThreadUtil.java:52)
at java.util.concurrent.FutureTask.run(FutureTask.java:266)
at java.util.concurrent.ThreadPoolExecutor.runWorker(ThreadPoolExecutor.java:1149)
at java.util.concurrent.ThreadPoolExecutor$Worker.run(ThreadPoolExecutor.java:624)
at java.lang.Thread.run(Thread.java:748)
]]>
    </failure>
  </testcase> <!-- verifyCreateBOLCalssTest -->
  <testcase name="verifyCreateBOLCalssTest" time="15.561" classname="com.qa.qs.tests.BolClassTest"/>
  <testcase name="verifyUpdateBOLClassDataTest" time="2.2" classname="com.qa.qs.tests.BolClassTest"/>
  <testcase name="verifyUpdateBOLClassSaveDataTest" time="1.155" classname="com.qa.qs.tests.BolClassTest"/>
  <testcase name="getDeleteBolClassDataNoTest" time="2.203" classname="com.qa.qs.tests.BolClassTest"/>
  <testcase name="getDeleteBolClassDataYesTest" time="3.061" classname="com.qa.qs.tests.BolClassTest"/>
  <testcase name="getDeleteBolClassDataYesTest" time="3.045" classname="com.qa.qs.tests.BolClassTest"/>
</testsuite> <!-- Bol Class Page Test - Chrome -->
