<?xml version="1.0" encoding="UTF-8"?>
<!-- Generated by org.testng.reporters.JUnitXMLReporter -->
<testsuite hostname="L510095" ignored="0" name="Hazmat Group Page Test - Chrome" tests="3" failures="1" timestamp="25 Feb 2022 09:22:37 GMT" time="72.457" errors="0">
  <testcase name="verifyHzGroupPageHeader" time="2.087" classname="com.qa.qs.tests.HazmatGroupPageTest"/>
  <testcase name="verifyCreateHzGroupPageTest" time="41.706" classname="com.qa.qs.tests.HazmatGroupPageTest"/>
  <testcase name="verifyCreateHzGroupPageTest" time="1.247" classname="com.qa.qs.tests.HazmatGroupPageTest">
    <failure type="org.openqa.selenium.ElementClickInterceptedException" message="element click intercepted: Element &amp;lt;div _ngcontent-cbp-c460=&amp;quot;&amp;quot; class=&amp;quot;ep-button-content&amp;quot;&amp;gt;...&amp;lt;/div&amp;gt; is not clickable at point (1360, 100). Other element would receive the click: &amp;lt;input _ngcontent-cbp-c461=&amp;quot;&amp;quot; kendotextbox=&amp;quot;&amp;quot; id=&amp;quot;EpTextBox127&amp;quot; type=&amp;quot;text&amp;quot; tabindex=&amp;quot;0&amp;quot; autocomplete=&amp;quot;off&amp;quot; autocapitalize=&amp;quot;off&amp;quot; spellcheck=&amp;quot;true&amp;quot; class=&amp;quot;k-textbox ng-dirty ng-valid ng-touched&amp;quot; required=&amp;quot;&amp;quot; maxlength=&amp;quot;50&amp;quot; style=&amp;quot;background-color: rgba(0, 0, 0, 0);&amp;quot;&amp;gt;
  (Session info: chrome=98.0.4758.102)
Build info: version: &amp;apos;3.141.59&amp;apos;, revision: &amp;apos;e82be7d358&amp;apos;, time: &amp;apos;2018-11-14T08:17:03&amp;apos;
System info: host: &amp;apos;L510095&amp;apos;, ip: &amp;apos;192.168.1.2&amp;apos;, os.name: &amp;apos;Windows 10&amp;apos;, os.arch: &amp;apos;amd64&amp;apos;, os.version: &amp;apos;10.0&amp;apos;, java.version: &amp;apos;1.8.0_281&amp;apos;
Driver info: org.openqa.selenium.chrome.ChromeDriver
Capabilities {acceptInsecureCerts: false, browserName: chrome, browserVersion: 98.0.4758.102, chrome: {chromedriverVersion: 98.0.4758.102 (273bf7ac8c90..., userDataDir: C:\Users\shagargi\AppData\L...}, goog:chromeOptions: {debuggerAddress: localhost:64620}, javascriptEnabled: true, networkConnectionEnabled: false, pageLoadStrategy: normal, platform: WINDOWS, platformName: WINDOWS, proxy: Proxy(), setWindowRect: true, strictFileInteractability: false, timeouts: {implicit: 0, pageLoad: 300000, script: 30000}, unhandledPromptBehavior: dismiss and notify, webauthn:extension:credBlob: true, webauthn:extension:largeBlob: true, webauthn:virtualAuthenticators: true}
Session ID: b5154b837506365c2f75c9e52280309d">
      <![CDATA[org.openqa.selenium.ElementClickInterceptedException: element click intercepted: Element <div _ngcontent-cbp-c460="" class="ep-button-content">...</div> is not clickable at point (1360, 100). Other element would receive the click: <input _ngcontent-cbp-c461="" kendotextbox="" id="EpTextBox127" type="text" tabindex="0" autocomplete="off" autocapitalize="off" spellcheck="true" class="k-textbox ng-dirty ng-valid ng-touched" required="" maxlength="50" style="background-color: rgba(0, 0, 0, 0);">
  (Session info: chrome=98.0.4758.102)
Build info: version: '3.141.59', revision: 'e82be7d358', time: '2018-11-14T08:17:03'
System info: host: 'L510095', ip: '192.168.1.2', os.name: 'Windows 10', os.arch: 'amd64', os.version: '10.0', java.version: '1.8.0_281'
Driver info: org.openqa.selenium.chrome.ChromeDriver
Capabilities {acceptInsecureCerts: false, browserName: chrome, browserVersion: 98.0.4758.102, chrome: {chromedriverVersion: 98.0.4758.102 (273bf7ac8c90..., userDataDir: C:\Users\shagargi\AppData\L...}, goog:chromeOptions: {debuggerAddress: localhost:64620}, javascriptEnabled: true, networkConnectionEnabled: false, pageLoadStrategy: normal, platform: WINDOWS, platformName: WINDOWS, proxy: Proxy(), setWindowRect: true, strictFileInteractability: false, timeouts: {implicit: 0, pageLoad: 300000, script: 30000}, unhandledPromptBehavior: dismiss and notify, webauthn:extension:credBlob: true, webauthn:extension:largeBlob: true, webauthn:virtualAuthenticators: true}
Session ID: b5154b837506365c2f75c9e52280309d
at sun.reflect.NativeConstructorAccessorImpl.newInstance0(Native Method)
at sun.reflect.NativeConstructorAccessorImpl.newInstance(NativeConstructorAccessorImpl.java:62)
at sun.reflect.DelegatingConstructorAccessorImpl.newInstance(DelegatingConstructorAccessorImpl.java:45)
at java.lang.reflect.Constructor.newInstance(Constructor.java:423)
at org.openqa.selenium.remote.http.W3CHttpResponseCodec.createException(W3CHttpResponseCodec.java:187)
at org.openqa.selenium.remote.http.W3CHttpResponseCodec.decode(W3CHttpResponseCodec.java:122)
at org.openqa.selenium.remote.http.W3CHttpResponseCodec.decode(W3CHttpResponseCodec.java:49)
at org.openqa.selenium.remote.HttpCommandExecutor.execute(HttpCommandExecutor.java:158)
at org.openqa.selenium.remote.service.DriverCommandExecutor.execute(DriverCommandExecutor.java:83)
at org.openqa.selenium.remote.RemoteWebDriver.execute(RemoteWebDriver.java:552)
at org.openqa.selenium.remote.RemoteWebElement.execute(RemoteWebElement.java:285)
at org.openqa.selenium.remote.RemoteWebElement.click(RemoteWebElement.java:84)
at com.qa.qs.util.ElementUtil.clickWhenReady(ElementUtil.java:190)
at com.qa.qs.pages.HazmatGroupPage.createHazmatRecord(HazmatGroupPage.java:68)
at com.qa.qs.tests.HazmatGroupPageTest.verifyCreateHzGroupPageTest(HazmatGroupPageTest.java:65)
at sun.reflect.NativeMethodAccessorImpl.invoke0(Native Method)
at sun.reflect.NativeMethodAccessorImpl.invoke(NativeMethodAccessorImpl.java:62)
at sun.reflect.DelegatingMethodAccessorImpl.invoke(DelegatingMethodAccessorImpl.java:43)
at java.lang.reflect.Method.invoke(Method.java:498)
at org.testng.internal.MethodInvocationHelper.invokeMethod(MethodInvocationHelper.java:124)
at org.testng.internal.Invoker.invokeMethod(Invoker.java:583)
at org.testng.internal.Invoker.invokeTestMethod(Invoker.java:719)
at org.testng.internal.Invoker.invokeTestMethods(Invoker.java:989)
at org.testng.internal.TestMethodWorker.invokeTestMethods(TestMethodWorker.java:125)
at org.testng.internal.TestMethodWorker.run(TestMethodWorker.java:109)
at org.testng.TestRunner.privateRun(TestRunner.java:648)
at org.testng.TestRunner.run(TestRunner.java:505)
at org.testng.SuiteRunner.runTest(SuiteRunner.java:455)
at org.testng.SuiteRunner.access$000(SuiteRunner.java:40)
at org.testng.SuiteRunner$SuiteWorker.run(SuiteRunner.java:489)
at org.testng.internal.thread.ThreadUtil$1.call(ThreadUtil.java:52)
at java.util.concurrent.FutureTask.run(FutureTask.java:266)
at java.util.concurrent.ThreadPoolExecutor.runWorker(ThreadPoolExecutor.java:1149)
at java.util.concurrent.ThreadPoolExecutor$Worker.run(ThreadPoolExecutor.java:624)
at java.lang.Thread.run(Thread.java:748)
]]>
    </failure>
  </testcase> <!-- verifyCreateHzGroupPageTest -->
</testsuite> <!-- Hazmat Group Page Test - Chrome -->
