{"name":"verifyCreateUserRoleTest","status":"skipped","statusDetails":{"known":false,"muted":false,"flaky":false,"message":"java.lang.ArrayIndexOutOfBoundsException: 6","trace":"java.lang.RuntimeException: java.lang.ArrayIndexOutOfBoundsException: 6\r\n\tat org.testng.internal.MethodInvocationHelper.invokeMethodNoCheckedException(MethodInvocationHelper.java:49)\r\n\tat org.testng.internal.MethodInvocationHelper.invokeDataProvider(MethodInvocationHelper.java:131)\r\n\tat org.testng.internal.Parameters.handleParameters(Parameters.java:706)\r\n\tat org.testng.internal.ParameterHandler.handleParameters(ParameterHandler.java:49)\r\n\tat org.testng.internal.ParameterHandler.createParameters(ParameterHandler.java:37)\r\n\tat org.testng.internal.Invoker.invokeTestMethods(Invoker.java:924)\r\n\tat org.testng.internal.TestMethodWorker.invokeTestMethods(TestMethodWorker.java:125)\r\n\tat org.testng.internal.TestMethodWorker.run(TestMethodWorker.java:109)\r\n\tat org.testng.TestRunner.privateRun(TestRunner.java:648)\r\n\tat org.testng.TestRunner.run(TestRunner.java:505)\r\n\tat org.testng.SuiteRunner.runTest(SuiteRunner.java:455)\r\n\tat org.testng.SuiteRunner.access$000(SuiteRunner.java:40)\r\n\tat org.testng.SuiteRunner$SuiteWorker.run(SuiteRunner.java:489)\r\n\tat org.testng.internal.thread.ThreadUtil$1.call(ThreadUtil.java:52)\r\n\tat java.util.concurrent.FutureTask.run(FutureTask.java:266)\r\n\tat java.util.concurrent.ThreadPoolExecutor.runWorker(ThreadPoolExecutor.java:1149)\r\n\tat java.util.concurrent.ThreadPoolExecutor$Worker.run(ThreadPoolExecutor.java:624)\r\n\tat java.lang.Thread.run(Thread.java:748)\r\nCaused by: java.lang.ArrayIndexOutOfBoundsException: 6\r\n\tat com.qa.qs.util.ExcelUtil.getTestData(ExcelUtil.java:32)\r\n\tat com.qa.qs.tests.UserProfileTest.getUserRoleAddRecordTestData(UserProfileTest.java:53)\r\n\tat sun.reflect.NativeMethodAccessorImpl.invoke0(Native Method)\r\n\tat sun.reflect.NativeMethodAccessorImpl.invoke(NativeMethodAccessorImpl.java:62)\r\n\tat sun.reflect.DelegatingMethodAccessorImpl.invoke(DelegatingMethodAccessorImpl.java:43)\r\n\tat java.lang.reflect.Method.invoke(Method.java:498)\r\n\tat org.testng.internal.MethodInvocationHelper.invokeMethod(MethodInvocationHelper.java:124)\r\n\tat org.testng.internal.MethodInvocationHelper.invokeMethod(MethodInvocationHelper.java:74)\r\n\tat org.testng.internal.MethodInvocationHelper.invokeMethodNoCheckedException(MethodInvocationHelper.java:45)\r\n\t... 17 more\r\n"},"stage":"finished","steps":[],"attachments":[],"parameters":[{"name":"browser","value":"chrome"}],"start":1644589307413,"stop":1644589307414,"uuid":"8b902f72-d736-4d68-80f6-c558eab35067","historyId":"e1e532876abc60b5a72a5bf742407809","fullName":"com.qa.qs.tests.UserProfileTest.verifyCreateUserRoleTest","labels":[{"name":"package","value":"com.qa.qs.tests.UserProfileTest"},{"name":"testClass","value":"com.qa.qs.tests.UserProfileTest"},{"name":"testMethod","value":"verifyCreateUserRoleTest"},{"name":"parentSuite","value":"Quicks Ship Test automtion regression suite - Sharan. Hagargi"},{"name":"suite","value":"User Profile page Test - Chrome"},{"name":"subSuite","value":"com.qa.qs.tests.UserProfileTest"},{"name":"host","value":"L510095"},{"name":"thread","value":"39832@L510095.TestNG-tests-1(13)"},{"name":"framework","value":"testng"},{"name":"language","value":"java"}],"links":[]}